<?xml version="1.0" encoding="UTF-8"?>
<testsuite xmlns:xsi="http://www.w3.org/2001/XMLSchema-instance" xsi:noNamespaceSchemaLocation="https://maven.apache.org/surefire/maven-surefire-plugin/xsd/surefire-test-report-3.0.xsd" version="3.0" name="com.flightreservation.util.DatabaseConnectionTest" time="0.756" tests="1" errors="0" skipped="0" failures="0">
  <properties>
[...]
</properties>
  <testcase name="testConnection" classname="com.flightreservation.util.DatabaseConnectionTest" time="0.531">
    <system-out><![CDATA[2025-03-19 09:45:22,416 [main] INFO  c.f.u.DatabaseConnection - Looking for .env at: C:\FSDM\TERM3\java\team-project\Flight_Reservation_System\.env
2025-03-19 09:45:22,430 [main] INFO  c.f.u.EnvLoader - Loading environment variables from 'C:\FSDM\TERM3\java\team-project\Flight_Reservation_System\.env'
2025-03-19 09:45:22,439 [main] INFO  c.f.u.EnvLoader - Successfully loaded 3 environment variables from 'C:\FSDM\TERM3\java\team-project\Flight_Reservation_System\.env'
2025-03-19 09:45:22,439 [main] INFO  c.f.u.DatabaseConnection - Loaded DB_URL='jdbc:mysql://localhost:3306/flight_reservation', DB_USERNAME='flight_admin', DB_PASSWORD='StrongPassword123!'
2025-03-19 09:45:22,440 [main] INFO  c.f.u.DatabaseConnection - Loaded database configuration successfully.
2025-03-19 09:45:22,886 [main] INFO  c.f.u.DatabaseConnection - Database connection test successful!
2025-03-19 09:45:22,889 [main] INFO  c.f.u.DatabaseConnection - Retrieving a database connection...
2025-03-19 09:45:22,924 [main] INFO  c.f.u.DatabaseConnectionTest - SUCCESS: Database connection is established!
]]></system-out>
    <system-err><![CDATA[SLF4J(I): Connected with provider of type [ch.qos.logback.classic.spi.LogbackServiceProvider]
]]></system-err>
  </testcase>
</testsuite>